This file contains any messages produced by compilers while
running configure, to aid debugging if configure makes a mistake.

It was created by configure, which was
generated by GNU Autoconf 2.65.  Invocation command line was

  $ ./configure --build=x86

## --------- ##
## Platform. ##
## --------- ##

hostname = PNTX43-09
uname -m = i686
uname -r = 1.7.7(0.230/5/3)
uname -s = CYGWIN_NT-5.1
uname -v = 2010-08-31 09:58

/usr/bin/uname -p = unknown
/bin/uname -X     = unknown

/bin/arch              = i686
/usr/bin/arch -k       = unknown
/usr/convex/getsysinfo = unknown
/usr/bin/hostinfo      = unknown
/bin/machine           = unknown
/usr/bin/oslevel       = unknown
/bin/universe          = unknown

PATH: /usr/local/bin
PATH: /usr/bin
PATH: /bin
PATH: /cygdrive/c/Program Files/NVIDIA GPU Computing Toolkit/CUDA/v3.2/bin/
PATH: /cygdrive/c/Program Files/NVIDIA Corporation/PhysX/Common
PATH: /cygdrive/d/Profiles/pntx43/Start Menu/Programs/Ghostscript/bin
PATH: /cygdrive/d/Program Files/Graphviz 2.21/bin
PATH: /cygdrive/c/Program Files/MiKTeX 2.8/miktex/bin
PATH: /cygdrive/c/WINDOWS/system32
PATH: /cygdrive/c/WINDOWS
PATH: /cygdrive/c/WINDOWS/System32/Wbem
PATH: /cygdrive/c/scripts
PATH: /cygdrive/c/ntutils
PATH: /cygdrive/c/Program Files/RSA Security/RSA SecurID Software Token/
PATH: /cygdrive/c/Program Files/Common Files/Roxio Shared/DLLShared/
PATH: /cygdrive/c/Program Files/Common Files/Roxio Shared/10.0/DLLShared/
PATH: %QUARTUS_ROOTDIR%/bin
PATH: /cygdrive/c/MENTOR~1/LICENS~1
PATH: /cygdrive/c/Python26/Scripts/
PATH: /cygdrive/c/OpenCV2.0/bin
PATH: /cygdrive/c/Program Files/OpenCV/bin
PATH: /cygdrive/c/Program Files/MATLAB/R2008b/bin
PATH: /cygdrive/c/Program Files/MATLAB/R2008b/bin/win32
PATH: /cygdrive/c/Program Files/WinMerge
PATH: /cygdrive/c/Program Files/Rational/common
PATH: /cygdrive/c/Program Files/Rational/ClearCase/bin
PATH: /cygdrive/c/WINDOWS/system32/WindowsPowerShell/v1.0
PATH: /cygdrive/d/MATLAB/MATLAB Compiler Runtime/v79/runtime/win32
PATH: /cygdrive/c/Program Files/TortoiseHg/
PATH: /cygdrive/d/Program Files/doxygen/bin
PATH: /cygdrive/c/Program Files/Mosek/6/tools/platform/win32x86/bin
PATH: /cygdrive/c/Python27
PATH: /cygdrive/c/Python27/scripts
PATH: /cygdrive/d/NVIDIAGPUComputingSDK3_2/C/common/bin
PATH: /cygdrive/c/Program Files/QuickTime/QTSystem/
PATH: /cygdrive/d/Program Files/TortoiseSVN/bin
PATH: /cygdrive/d/Program Files/gs/gs8.63/bin
PATH: /cygdrive/d/Sun/SDK/lib/ant/bin
PATH:  D
PATH: /Sun/SDK/jdk/bin
PATH: /cygdrive/d/Program Files/Microsoft Visual Studio 9.0/VC/bin
PATH: /cygdrive/d/Sun/SDK/bin
PATH: /cygdrive/c/Program Files/IDM Computer Solutions/UltraEdit/
PATH: /cygdrive/c/Program Files/Google/google_appengine/
PATH: /cygdrive/d/Profiles/pntx43/workspace/android-sdk-windows
PATH: /usr/bin
PATH: /usr/lib/lapack


## ----------- ##
## Core tests. ##
## ----------- ##

configure:2664: checking for a BSD-compatible install
configure:2732: result: /usr/bin/install -c
configure:2743: checking whether build environment is sane
configure:2793: result: yes
configure:2934: checking for a thread-safe mkdir -p
configure:2973: result: /usr/bin/mkdir -p
configure:2986: checking for gawk
configure:3002: found /usr/bin/gawk
configure:3013: result: gawk
configure:3024: checking whether make sets $(MAKE)
configure:3046: result: yes
configure:3175: checking for gcc
configure:3191: found /usr/bin/gcc
configure:3202: result: gcc
configure:3431: checking for C compiler version
configure:3440: gcc --version >&5
gcc (GCC) 4.3.4 20090804 (release) 1
Copyright (C) 2008 Free Software Foundation, Inc.
This is free software; see the source for copying conditions.  There is NO
warranty; not even for MERCHANTABILITY or FITNESS FOR A PARTICULAR PURPOSE.

configure:3451: $? = 0
configure:3440: gcc -v >&5
Using built-in specs.
Target: i686-pc-cygwin
Configured with: /gnu/gcc/releases/packaging/4.3.4-3/gcc4-4.3.4-3/src/gcc-4.3.4/configure --srcdir=/gnu/gcc/releases/packaging/4.3.4-3/gcc4-4.3.4-3/src/gcc-4.3.4 --prefix=/usr --exec-prefix=/usr --bindir=/usr/bin --sbindir=/usr/sbin --libexecdir=/usr/lib --datadir=/usr/share --localstatedir=/var --sysconfdir=/etc --infodir=/usr/share/info --mandir=/usr/share/man --datadir=/usr/share --infodir=/usr/share/info --mandir=/usr/share/man -v --with-gmp=/usr --with-mpfr=/usr --enable-bootstrap --enable-version-specific-runtime-libs --with-slibdir=/usr/bin --libexecdir=/usr/lib --enable-static --enable-shared --enable-shared-libgcc --disable-__cxa_atexit --with-gnu-ld --with-gnu-as --with-dwarf2 --disable-sjlj-exceptions --enable-languages=ada,c,c++,fortran,java,objc,obj-c++ --disable-symvers --enable-libjava --program-suffix=-4 --enable-libgomp --enable-libssp --enable-libada --enable-threads=posix --with-arch=i686 --with-tune=generic --enable-libgcj-sublibs CC=gcc-4 CXX=g++-4 CC_FOR_TARGET=gcc-4 CXX_FOR_TARGET=g++-4 GNATMAKE_FOR_TARGET=gnatmake GNATBIND_FOR_TARGET=gnatbind AS=/opt/gcc-tools/bin/as.exe AS_FOR_TARGET=/opt/gcc-tools/bin/as.exe LD=/opt/gcc-tools/bin/ld.exe LD_FOR_TARGET=/opt/gcc-tools/bin/ld.exe --with-ecj-jar=/usr/share/java/ecj.jar
Thread model: posix
gcc version 4.3.4 20090804 (release) 1 (GCC) 
configure:3451: $? = 0
configure:3440: gcc -V >&5
gcc: '-V' option must have argument
configure:3451: $? = 1
configure:3440: gcc -qversion >&5
gcc: unrecognized option '-qversion'
gcc: no input files
configure:3451: $? = 1
configure:3471: checking whether the C compiler works
configure:3493: gcc    conftest.c  >&5
configure:3497: $? = 0
configure:3546: result: yes
configure:3549: checking for C compiler default output file name
configure:3551: result: a.exe
configure:3557: checking for suffix of executables
configure:3564: gcc -o conftest.exe    conftest.c  >&5
configure:3568: $? = 0
configure:3590: result: .exe
configure:3612: checking whether we are cross compiling
configure:3620: gcc -o conftest.exe    conftest.c  >&5
configure:3624: $? = 0
configure:3631: ./conftest.exe
configure:3635: $? = 0
configure:3650: result: no
configure:3655: checking for suffix of object files
configure:3677: gcc -c   conftest.c >&5
configure:3681: $? = 0
configure:3702: result: o
configure:3706: checking whether we are using the GNU C compiler
configure:3725: gcc -c   conftest.c >&5
configure:3725: $? = 0
configure:3734: result: yes
configure:3743: checking whether gcc accepts -g
configure:3763: gcc -c -g  conftest.c >&5
configure:3763: $? = 0
configure:3804: result: yes
configure:3821: checking for gcc option to accept ISO C89
configure:3885: gcc  -c -g -O2  conftest.c >&5
configure:3885: $? = 0
configure:3898: result: none needed
configure:3929: checking for style of include used by make
configure:3957: result: GNU
configure:3982: checking dependency style of gcc
configure:4092: result: gcc3
configure:4165: checking for g++
configure:4181: found /usr/bin/g++
configure:4192: result: g++
configure:4219: checking for C++ compiler version
configure:4228: g++ --version >&5
g++ (GCC) 4.3.4 20090804 (release) 1
Copyright (C) 2008 Free Software Foundation, Inc.
This is free software; see the source for copying conditions.  There is NO
warranty; not even for MERCHANTABILITY or FITNESS FOR A PARTICULAR PURPOSE.

configure:4239: $? = 0
configure:4228: g++ -v >&5
Using built-in specs.
Target: i686-pc-cygwin
Configured with: /gnu/gcc/releases/packaging/4.3.4-3/gcc4-4.3.4-3/src/gcc-4.3.4/configure --srcdir=/gnu/gcc/releases/packaging/4.3.4-3/gcc4-4.3.4-3/src/gcc-4.3.4 --prefix=/usr --exec-prefix=/usr --bindir=/usr/bin --sbindir=/usr/sbin --libexecdir=/usr/lib --datadir=/usr/share --localstatedir=/var --sysconfdir=/etc --infodir=/usr/share/info --mandir=/usr/share/man --datadir=/usr/share --infodir=/usr/share/info --mandir=/usr/share/man -v --with-gmp=/usr --with-mpfr=/usr --enable-bootstrap --enable-version-specific-runtime-libs --with-slibdir=/usr/bin --libexecdir=/usr/lib --enable-static --enable-shared --enable-shared-libgcc --disable-__cxa_atexit --with-gnu-ld --with-gnu-as --with-dwarf2 --disable-sjlj-exceptions --enable-languages=ada,c,c++,fortran,java,objc,obj-c++ --disable-symvers --enable-libjava --program-suffix=-4 --enable-libgomp --enable-libssp --enable-libada --enable-threads=posix --with-arch=i686 --with-tune=generic --enable-libgcj-sublibs CC=gcc-4 CXX=g++-4 CC_FOR_TARGET=gcc-4 CXX_FOR_TARGET=g++-4 GNATMAKE_FOR_TARGET=gnatmake GNATBIND_FOR_TARGET=gnatbind AS=/opt/gcc-tools/bin/as.exe AS_FOR_TARGET=/opt/gcc-tools/bin/as.exe LD=/opt/gcc-tools/bin/ld.exe LD_FOR_TARGET=/opt/gcc-tools/bin/ld.exe --with-ecj-jar=/usr/share/java/ecj.jar
Thread model: posix
gcc version 4.3.4 20090804 (release) 1 (GCC) 
configure:4239: $? = 0
configure:4228: g++ -V >&5
g++: '-V' option must have argument
configure:4239: $? = 1
configure:4228: g++ -qversion >&5
g++: unrecognized option '-qversion'
g++: no input files
configure:4239: $? = 1
configure:4243: checking whether we are using the GNU C++ compiler
configure:4262: g++ -c   conftest.cpp >&5
configure:4262: $? = 0
configure:4271: result: yes
configure:4280: checking whether g++ accepts -g
configure:4300: g++ -c -g  conftest.cpp >&5
configure:4300: $? = 0
configure:4341: result: yes
configure:4366: checking dependency style of g++
configure:4476: result: gcc3
configure:4497: checking how to run the C preprocessor
configure:4528: gcc -E  conftest.c
configure:4528: $? = 0
configure:4542: gcc -E  conftest.c
conftest.c:11:28: error: ac_nonexistent.h: No such file or directory
configure:4542: $? = 1
configure: failed program was:
| /* confdefs.h */
| #define PACKAGE_NAME ""
| #define PACKAGE_TARNAME ""
| #define PACKAGE_VERSION ""
| #define PACKAGE_STRING ""
| #define PACKAGE_BUGREPORT ""
| #define PACKAGE_URL ""
| #define PACKAGE "CRF++"
| #define VERSION "0.54"
| /* end confdefs.h.  */
| #include <ac_nonexistent.h>
configure:4567: result: gcc -E
configure:4587: gcc -E  conftest.c
configure:4587: $? = 0
configure:4601: gcc -E  conftest.c
conftest.c:11:28: error: ac_nonexistent.h: No such file or directory
configure:4601: $? = 1
configure: failed program was:
| /* confdefs.h */
| #define PACKAGE_NAME ""
| #define PACKAGE_TARNAME ""
| #define PACKAGE_VERSION ""
| #define PACKAGE_STRING ""
| #define PACKAGE_BUGREPORT ""
| #define PACKAGE_URL ""
| #define PACKAGE "CRF++"
| #define VERSION "0.54"
| /* end confdefs.h.  */
| #include <ac_nonexistent.h>
configure:4630: checking for grep that handles long lines and -e
configure:4688: result: /usr/bin/grep
configure:4693: checking for egrep
configure:4755: result: /usr/bin/grep -E
configure:4761: checking whether gcc needs -traditional
conftest.c:11:19: error: sgtty.h: No such file or directory
configure:4795: result: no
configure:4802: checking whether make sets $(MAKE)
configure:4824: result: yes
configure:4833: checking for library containing strerror
configure:4864: gcc -o conftest.exe -g -O2   conftest.c  >&5
configure:4864: $? = 0
configure:4881: result: none required
configure:4893: checking build system type
configure:4907: result: x86-unknown-none
configure:4927: checking host system type
configure:4940: result: x86-unknown-none
configure:4997: checking for a sed that does not truncate output
configure:5061: result: /usr/bin/sed
configure:5079: checking for fgrep
configure:5141: result: /usr/bin/grep -F
configure:5176: checking for ld used by gcc
configure:5243: result: /usr/i686-pc-cygwin/bin/ld.exe
configure:5250: checking if the linker (/usr/i686-pc-cygwin/bin/ld.exe) is GNU ld
configure:5265: result: yes
configure:5277: checking for BSD- or MS-compatible name lister (nm)
configure:5326: result: /usr/bin/nm -B
configure:5444: checking the name lister (/usr/bin/nm -B) interface
configure:5451: g++ -c -g -O2  conftest.cpp >&5
configure:5454: /usr/bin/nm -B "conftest.o"
configure:5457: output
00000000 b .bss
00000000 d .data
00000000 N .debug_abbrev
00000000 N .debug_info
00000000 N .debug_line
00000000 N .debug_pubnames
00000000 t .text
00000000 B _some_variable
configure:5464: result: BSD nm
configure:5467: checking whether ln -s works
configure:5471: result: yes
configure:5479: checking the maximum length of command line arguments
configure:5599: result: 262144
configure:5616: checking whether the shell understands some XSI constructs
configure:5626: result: yes
configure:5630: checking whether the shell understands "+="
configure:5636: result: yes
configure:5671: checking for /usr/i686-pc-cygwin/bin/ld.exe option to reload object files
configure:5678: result: -r
configure:5747: checking for objdump
configure:5763: found /usr/bin/objdump
configure:5774: result: objdump
configure:5806: checking how to recognize dependent libraries
configure:6002: result: unknown
configure:6062: checking for ar
configure:6078: found /usr/bin/ar
configure:6089: result: ar
configure:6167: checking for strip
configure:6183: found /usr/bin/strip
configure:6194: result: strip
configure:6266: checking for ranlib
configure:6282: found /usr/bin/ranlib
configure:6293: result: ranlib
configure:6383: checking command to parse /usr/bin/nm -B output from gcc object
configure:6501: g++ -c -g -O2  conftest.cpp >&5
configure:6504: $? = 0
configure:6508: /usr/bin/nm -B conftest.o \| sed -n -e 's/^.*[	 ]\([ABCDGIRSTW][ABCDGIRSTW]*\)[	 ][	 ]*\([_A-Za-z][_A-Za-z0-9]*\)$/\1 \2 \2/p' \> conftest.nm
configure:6511: $? = 0
cannot find nm_test_var in conftest.nm
configure:6501: g++ -c -g -O2  conftest.cpp >&5
configure:6504: $? = 0
configure:6508: /usr/bin/nm -B conftest.o \| sed -n -e 's/^.*[	 ]\([ABCDGIRSTW][ABCDGIRSTW]*\)[	 ][	 ]*_\([_A-Za-z][_A-Za-z0-9]*\)$/\1 _\2 \2/p' \> conftest.nm
configure:6511: $? = 0
configure:6565: g++ -o conftest.exe -g -O2   conftest.cpp conftstm.o >&5
configure:6568: $? = 0
configure:6606: result: ok
configure:7409: checking for ANSI C header files
configure:7429: g++ -c -g -O2  conftest.cpp >&5
configure:7429: $? = 0
./configure: line 7443: conftest.cpp: command not found
configure:7513: result: no
configure:7526: checking for sys/types.h
configure:7526: g++ -c -g -O2  conftest.cpp >&5
configure:7526: $? = 0
configure:7526: result: yes
configure:7526: checking for sys/stat.h
configure:7526: g++ -c -g -O2  conftest.cpp >&5
configure:7526: $? = 0
configure:7526: result: yes
configure:7526: checking for stdlib.h
configure:7526: g++ -c -g -O2  conftest.cpp >&5
configure:7526: $? = 0
configure:7526: result: yes
configure:7526: checking for string.h
configure:7526: g++ -c -g -O2  conftest.cpp >&5
configure:7526: $? = 0
configure:7526: result: yes
configure:7526: checking for memory.h
configure:7526: g++ -c -g -O2  conftest.cpp >&5
configure:7526: $? = 0
configure:7526: result: yes
configure:7526: checking for strings.h
configure:7526: g++ -c -g -O2  conftest.cpp >&5
configure:7526: $? = 0
configure:7526: result: yes
configure:7526: checking for inttypes.h
configure:7526: g++ -c -g -O2  conftest.cpp >&5
configure:7526: $? = 0
configure:7526: result: yes
configure:7526: checking for stdint.h
configure:7526: g++ -c -g -O2  conftest.cpp >&5
configure:7526: $? = 0
configure:7526: result: yes
configure:7526: checking for unistd.h
configure:7526: g++ -c -g -O2  conftest.cpp >&5
configure:7526: $? = 0
configure:7526: result: yes
configure:7541: checking for dlfcn.h
configure:7541: g++ -c -g -O2  conftest.cpp >&5
configure:7541: $? = 0
configure:7541: result: yes
configure:7666: checking for C++ compiler version
configure:7675: g++ --version >&5
g++ (GCC) 4.3.4 20090804 (release) 1
Copyright (C) 2008 Free Software Foundation, Inc.
This is free software; see the source for copying conditions.  There is NO
warranty; not even for MERCHANTABILITY or FITNESS FOR A PARTICULAR PURPOSE.

configure:7686: $? = 0
configure:7675: g++ -v >&5
Using built-in specs.
Target: i686-pc-cygwin
Configured with: /gnu/gcc/releases/packaging/4.3.4-3/gcc4-4.3.4-3/src/gcc-4.3.4/configure --srcdir=/gnu/gcc/releases/packaging/4.3.4-3/gcc4-4.3.4-3/src/gcc-4.3.4 --prefix=/usr --exec-prefix=/usr --bindir=/usr/bin --sbindir=/usr/sbin --libexecdir=/usr/lib --datadir=/usr/share --localstatedir=/var --sysconfdir=/etc --infodir=/usr/share/info --mandir=/usr/share/man --datadir=/usr/share --infodir=/usr/share/info --mandir=/usr/share/man -v --with-gmp=/usr --with-mpfr=/usr --enable-bootstrap --enable-version-specific-runtime-libs --with-slibdir=/usr/bin --libexecdir=/usr/lib --enable-static --enable-shared --enable-shared-libgcc --disable-__cxa_atexit --with-gnu-ld --with-gnu-as --with-dwarf2 --disable-sjlj-exceptions --enable-languages=ada,c,c++,fortran,java,objc,obj-c++ --disable-symvers --enable-libjava --program-suffix=-4 --enable-libgomp --enable-libssp --enable-libada --enable-threads=posix --with-arch=i686 --with-tune=generic --enable-libgcj-sublibs CC=gcc-4 CXX=g++-4 CC_FOR_TARGET=gcc-4 CXX_FOR_TARGET=g++-4 GNATMAKE_FOR_TARGET=gnatmake GNATBIND_FOR_TARGET=gnatbind AS=/opt/gcc-tools/bin/as.exe AS_FOR_TARGET=/opt/gcc-tools/bin/as.exe LD=/opt/gcc-tools/bin/ld.exe LD_FOR_TARGET=/opt/gcc-tools/bin/ld.exe --with-ecj-jar=/usr/share/java/ecj.jar
Thread model: posix
gcc version 4.3.4 20090804 (release) 1 (GCC) 
configure:7686: $? = 0
configure:7675: g++ -V >&5
g++: '-V' option must have argument
configure:7686: $? = 1
configure:7675: g++ -qversion >&5
g++: unrecognized option '-qversion'
g++: no input files
configure:7686: $? = 1
configure:7690: checking whether we are using the GNU C++ compiler
configure:7718: result: yes
configure:7727: checking whether g++ accepts -g
configure:7788: result: yes
configure:7813: checking dependency style of g++
configure:7923: result: gcc3
configure:7946: checking how to run the C++ preprocessor
configure:7973: g++ -E  conftest.cpp
configure:7973: $? = 0
configure:7987: g++ -E  conftest.cpp
conftest.cpp:21:28: error: ac_nonexistent.h: No such file or directory
configure:7987: $? = 1
configure: failed program was:
| /* confdefs.h */
| #define PACKAGE_NAME ""
| #define PACKAGE_TARNAME ""
| #define PACKAGE_VERSION ""
| #define PACKAGE_STRING ""
| #define PACKAGE_BUGREPORT ""
| #define PACKAGE_URL ""
| #define PACKAGE "CRF++"
| #define VERSION "0.54"
| #define HAVE_SYS_TYPES_H 1
| #define HAVE_SYS_STAT_H 1
| #define HAVE_STDLIB_H 1
| #define HAVE_STRING_H 1
| #define HAVE_MEMORY_H 1
| #define HAVE_STRINGS_H 1
| #define HAVE_INTTYPES_H 1
| #define HAVE_STDINT_H 1
| #define HAVE_UNISTD_H 1
| #define HAVE_DLFCN_H 1
| /* end confdefs.h.  */
| #include <ac_nonexistent.h>
configure:8012: result: g++ -E
configure:8032: g++ -E  conftest.cpp
configure:8032: $? = 0
configure:8046: g++ -E  conftest.cpp
conftest.cpp:21:28: error: ac_nonexistent.h: No such file or directory
configure:8046: $? = 1
configure: failed program was:
| /* confdefs.h */
| #define PACKAGE_NAME ""
| #define PACKAGE_TARNAME ""
| #define PACKAGE_VERSION ""
| #define PACKAGE_STRING ""
| #define PACKAGE_BUGREPORT ""
| #define PACKAGE_URL ""
| #define PACKAGE "CRF++"
| #define VERSION "0.54"
| #define HAVE_SYS_TYPES_H 1
| #define HAVE_SYS_STAT_H 1
| #define HAVE_STDLIB_H 1
| #define HAVE_STRING_H 1
| #define HAVE_MEMORY_H 1
| #define HAVE_STRINGS_H 1
| #define HAVE_INTTYPES_H 1
| #define HAVE_STDINT_H 1
| #define HAVE_UNISTD_H 1
| #define HAVE_DLFCN_H 1
| /* end confdefs.h.  */
| #include <ac_nonexistent.h>
configure:8252: checking for objdir
configure:8267: result: .libs
configure:8559: checking if gcc supports -fno-rtti -fno-exceptions
configure:8577: gcc -c -g -O2  -fno-rtti -fno-exceptions conftest.c >&5
cc1: warning: command line option "-fno-rtti" is valid for C++/ObjC++ but not for C
configure:8581: $? = 0
configure:8594: result: no
configure:8614: checking for gcc option to produce PIC
configure:8886: result: -fPIC -DPIC
configure:8898: checking if gcc PIC flag -fPIC -DPIC works
configure:8916: gcc -c -g -O2  -fPIC -DPIC -DPIC conftest.c >&5
conftest.c:1: warning: -fPIC ignored for target (all code is position independent)
configure:8920: $? = 0
configure:8933: result: no
configure:8957: checking if gcc static flag -static works
configure:8985: result: no
configure:9000: checking if gcc supports -c -o file.o
configure:9021: gcc -c -g -O2  -o out/conftest2.o conftest.c >&5
configure:9025: $? = 0
configure:9047: result: yes
configure:9055: checking if gcc supports -c -o file.o
configure:9102: result: yes
configure:9135: checking whether the gcc linker (/usr/i686-pc-cygwin/bin/ld.exe) supports shared libraries
configure:10126: result: yes
configure:10163: checking whether -lc should be explicitly linked in
configure:10168: gcc -c -g -O2  conftest.c >&5
configure:10171: $? = 0
configure:10186: gcc -shared conftest.o  -v -Wl,-soname -Wl,conftest -o conftest 2\>\&1 \| /usr/bin/grep  -lc  \>/dev/null 2\>\&1
configure:10189: $? = 1
configure:10201: result: yes
configure:10365: checking dynamic linker characteristics
configure:11028: result: no
configure:11130: checking how to hardcode library paths into programs
configure:11155: result: immediate
configure:11675: checking whether stripping libraries is possible
configure:11680: result: yes
configure:11715: checking if libtool supports shared libraries
configure:11717: result: no
configure:11720: checking whether to build shared libraries
configure:11741: result: no
configure:11744: checking whether to build static libraries
configure:11748: result: yes
configure:11898: checking for ld used by g++
configure:11965: result: /usr/i686-pc-cygwin/bin/ld.exe
configure:11972: checking if the linker (/usr/i686-pc-cygwin/bin/ld.exe) is GNU ld
configure:11987: result: yes
configure:12042: checking whether the g++ linker (/usr/i686-pc-cygwin/bin/ld.exe) supports shared libraries
configure:12955: result: no
configure:12983: g++ -c -g -O2  conftest.cpp >&5
configure:12986: $? = 0
configure:13168: checking for g++ option to produce PIC
configure:13485: result: -fPIC -DPIC
configure:13494: checking if g++ PIC flag -fPIC -DPIC works
configure:13512: g++ -c -g -O2  -fPIC -DPIC -DPIC conftest.cpp >&5
conftest.cpp:1: warning: -fPIC ignored for target (all code is position independent)
configure:13516: $? = 0
configure:13529: result: no
configure:13550: checking if g++ static flag -static works
configure:13578: result: no
configure:13590: checking if g++ supports -c -o file.o
configure:13611: g++ -c -g -O2  -o out/conftest2.o conftest.cpp >&5
configure:13615: $? = 0
configure:13637: result: yes
configure:13642: checking if g++ supports -c -o file.o
configure:13689: result: yes
configure:13719: checking whether the g++ linker (/usr/i686-pc-cygwin/bin/ld.exe) supports shared libraries
configure:13748: result: no
configure:13885: checking dynamic linker characteristics
configure:14496: result: no
configure:14547: checking how to hardcode library paths into programs
configure:14572: result: immediate
configure:14633: checking for ANSI C header files
configure:14737: result: no
configure:14750: checking for string.h
configure:14750: result: yes
configure:14750: checking for stdlib.h
configure:14750: result: yes
configure:14750: checking for unistd.h
configure:14750: result: yes
configure:14750: checking fcntl.h usability
configure:14750: g++ -c -g -O2  conftest.cpp >&5
configure:14750: $? = 0
configure:14750: result: yes
configure:14750: checking fcntl.h presence
configure:14750: g++ -E  conftest.cpp
configure:14750: $? = 0
configure:14750: result: yes
configure:14750: checking for fcntl.h
configure:14750: result: yes
configure:14750: checking for sys/stat.h
configure:14750: result: yes
configure:14750: checking sys/mman.h usability
configure:14750: g++ -c -g -O2  conftest.cpp >&5
configure:14750: $? = 0
configure:14750: result: yes
configure:14750: checking sys/mman.h presence
configure:14750: g++ -E  conftest.cpp
configure:14750: $? = 0
configure:14750: result: yes
configure:14750: checking for sys/mman.h
configure:14750: result: yes
configure:14750: checking sys/times.h usability
configure:14750: g++ -c -g -O2  conftest.cpp >&5
configure:14750: $? = 0
configure:14750: result: yes
configure:14750: checking sys/times.h presence
configure:14750: g++ -E  conftest.cpp
configure:14750: $? = 0
configure:14750: result: yes
configure:14750: checking for sys/times.h
configure:14750: result: yes
configure:14750: checking ctype.h usability
configure:14750: g++ -c -g -O2  conftest.cpp >&5
configure:14750: $? = 0
configure:14750: result: yes
configure:14750: checking ctype.h presence
configure:14750: g++ -E  conftest.cpp
configure:14750: $? = 0
configure:14750: result: yes
configure:14750: checking for ctype.h
configure:14750: result: yes
configure:14750: checking for sys/types.h
configure:14750: result: yes
configure:14750: checking math.h usability
configure:14750: g++ -c -g -O2  conftest.cpp >&5
configure:14750: $? = 0
configure:14750: result: yes
configure:14750: checking math.h presence
configure:14750: g++ -E  conftest.cpp
configure:14750: $? = 0
configure:14750: result: yes
configure:14750: checking for math.h
configure:14750: result: yes
configure:14750: checking pthread.h usability
configure:14750: g++ -c -g -O2  conftest.cpp >&5
configure:14750: $? = 0
configure:14750: result: yes
configure:14750: checking pthread.h presence
configure:14750: g++ -E  conftest.cpp
configure:14750: $? = 0
configure:14750: result: yes
configure:14750: checking for pthread.h
configure:14750: result: yes
configure:14762: checking for size_t
configure:14762: g++ -c -g -O2  conftest.cpp >&5
configure:14762: $? = 0
configure:14762: g++ -c -g -O2  conftest.cpp >&5
conftest.cpp: In function 'int main()':
conftest.cpp:69: error: expected primary-expression before ')' token
configure:14762: $? = 1
configure: failed program was:
| /* confdefs.h */
| #define PACKAGE_NAME ""
| #define PACKAGE_TARNAME ""
| #define PACKAGE_VERSION ""
| #define PACKAGE_STRING ""
| #define PACKAGE_BUGREPORT ""
| #define PACKAGE_URL ""
| #define PACKAGE "CRF++"
| #define VERSION "0.54"
| #define HAVE_SYS_TYPES_H 1
| #define HAVE_SYS_STAT_H 1
| #define HAVE_STDLIB_H 1
| #define HAVE_STRING_H 1
| #define HAVE_MEMORY_H 1
| #define HAVE_STRINGS_H 1
| #define HAVE_INTTYPES_H 1
| #define HAVE_STDINT_H 1
| #define HAVE_UNISTD_H 1
| #define HAVE_DLFCN_H 1
| #define LT_OBJDIR ".libs/"
| #define HAVE_STRING_H 1
| #define HAVE_STDLIB_H 1
| #define HAVE_UNISTD_H 1
| #define HAVE_FCNTL_H 1
| #define HAVE_SYS_STAT_H 1
| #define HAVE_SYS_MMAN_H 1
| #define HAVE_SYS_TIMES_H 1
| #define HAVE_CTYPE_H 1
| #define HAVE_SYS_TYPES_H 1
| #define HAVE_MATH_H 1
| #define HAVE_PTHREAD_H 1
| /* end confdefs.h.  */
| #include <stdio.h>
| #ifdef HAVE_SYS_TYPES_H
| # include <sys/types.h>
| #endif
| #ifdef HAVE_SYS_STAT_H
| # include <sys/stat.h>
| #endif
| #ifdef STDC_HEADERS
| # include <stdlib.h>
| # include <stddef.h>
| #else
| # ifdef HAVE_STDLIB_H
| #  include <stdlib.h>
| # endif
| #endif
| #ifdef HAVE_STRING_H
| # if !defined STDC_HEADERS && defined HAVE_MEMORY_H
| #  include <memory.h>
| # endif
| # include <string.h>
| #endif
| #ifdef HAVE_STRINGS_H
| # include <strings.h>
| #endif
| #ifdef HAVE_INTTYPES_H
| # include <inttypes.h>
| #endif
| #ifdef HAVE_STDINT_H
| # include <stdint.h>
| #endif
| #ifdef HAVE_UNISTD_H
| # include <unistd.h>
| #endif
| int
| main ()
| {
| if (sizeof ((size_t)))
| 	    return 0;
|   ;
|   return 0;
| }
configure:14762: result: yes
configure:14774: checking for pow in -lm
configure:14799: g++ -o conftest.exe -g -O2   conftest.cpp -lm   >&5
configure:14799: $? = 0
configure:14808: result: yes
configure:14819: checking for exp in -lm
configure:14844: g++ -o conftest.exe -g -O2   conftest.cpp -lm  -lm  >&5
configure:14844: $? = 0
configure:14853: result: yes
configure:14864: checking for log in -lm
configure:14889: g++ -o conftest.exe -g -O2   conftest.cpp -lm  -lm -lm  >&5
configure:14889: $? = 0
configure:14898: result: yes
configure:14909: checking for pthread_create in -lpthread
configure:14934: g++ -o conftest.exe -g -O2   conftest.cpp -lpthread  -lm -lm -lm  >&5
configure:14934: $? = 0
configure:14943: result: yes
configure:14954: checking for pthread_join in -lpthread
configure:14979: g++ -o conftest.exe -g -O2   conftest.cpp -lpthread  -lpthread -lm -lm -lm  >&5
configure:14979: $? = 0
configure:14988: result: yes
configure:15005: checking for stdlib.h
configure:15005: result: yes
configure:15005: checking for unistd.h
configure:15005: result: yes
configure:15005: checking for sys/param.h
configure:15005: g++ -c -g -O2  conftest.cpp >&5
configure:15005: $? = 0
configure:15005: result: yes
configure:15026: checking for getpagesize
configure:15026: g++ -o conftest.exe -g -O2   conftest.cpp -lpthread -lpthread -lm -lm -lm  >&5
configure:15026: $? = 0
configure:15026: result: yes
configure:15035: checking for working mmap
configure:15182: g++ -o conftest.exe -g -O2   conftest.cpp -lpthread -lpthread -lm -lm -lm  >&5
configure:15182: $? = 0
configure:15182: ./conftest.exe
configure:15182: $? = 0
configure:15192: result: yes
configure:15202: checking whether make is GNU Make
configure:15205: result: yes
configure:15471: checking if g++ supports stl <string> (required)
configure:15488: g++ -c -O3 -Wall  conftest.cpp >&5
configure:15488: $? = 0
configure:15500: result: yes
configure:15504: checking if g++ supports stl <vector> (required)
configure:15521: g++ -c -O3 -Wall  conftest.cpp >&5
configure:15521: $? = 0
configure:15533: result: yes
configure:15537: checking if g++ supports stl <map> (required)
configure:15554: g++ -c -O3 -Wall  conftest.cpp >&5
configure:15554: $? = 0
configure:15566: result: yes
configure:15570: checking if g++ supports stl <set> (required)
configure:15587: g++ -c -O3 -Wall  conftest.cpp >&5
configure:15587: $? = 0
configure:15599: result: yes
configure:15603: checking if g++ supports stl <iostream> (required)
configure:15620: g++ -c -O3 -Wall  conftest.cpp >&5
configure:15620: $? = 0
configure:15632: result: yes
configure:15636: checking if g++ supports stl <fstream> (required)
configure:15653: g++ -c -O3 -Wall  conftest.cpp >&5
configure:15653: $? = 0
configure:15665: result: yes
configure:15669: checking if g++ supports stl <sstream> (required)
configure:15686: g++ -c -O3 -Wall  conftest.cpp >&5
configure:15686: $? = 0
configure:15698: result: yes
configure:15702: checking if g++ supports stl <stdexcept> (required)
configure:15719: g++ -c -O3 -Wall  conftest.cpp >&5
configure:15719: $? = 0
configure:15731: result: yes
configure:15736: checking if g++ supports template <class T> (required)
configure:15755: g++ -c -O3 -Wall  conftest.cpp >&5
configure:15755: $? = 0
configure:15767: result: yes
configure:15771: checking if g++ supports const_cast<> (required)
configure:15789: g++ -c -O3 -Wall  conftest.cpp >&5
conftest.cpp: In function 'int main()':
conftest.cpp:51: warning: unused variable 'c1'
configure:15789: $? = 0
configure:15801: result: yes
configure:15805: checking if g++ supports static_cast<> (required)
configure:15823: g++ -c -O3 -Wall  conftest.cpp >&5
conftest.cpp: In function 'int main()':
conftest.cpp:51: warning: unused variable 'c1'
configure:15823: $? = 0
configure:15835: result: yes
configure:15839: checking if g++ supports dynamic_cast<> (required)
configure:15858: g++ -c -O3 -Wall  conftest.cpp >&5
conftest.cpp: In function 'int main()':
conftest.cpp:52: warning: unused variable 'c1'
configure:15858: $? = 0
configure:15870: result: yes
configure:15874: checking if g++ supports exception handler (required)
configure:15897: g++ -c -O3 -Wall  conftest.cpp >&5
conftest.cpp: In function 'int main()':
conftest.cpp:51: warning: unused variable 'i'
configure:15897: $? = 0
configure:15909: result: yes
configure:15913: checking if g++ supports namespaces (required) 
configure:15931: g++ -c -O3 -Wall  conftest.cpp >&5
conftest.cpp: In function 'int main()':
conftest.cpp:51: warning: unused variable 'a'
configure:15931: $? = 0
configure:15942: result: yes
configure:15945: checking if g++ environment provides all required features
configure:15953: result: yes
configure:16087: creating ./config.status

## ---------------------- ##
## Running config.status. ##
## ---------------------- ##

This file was extended by config.status, which was
generated by GNU Autoconf 2.65.  Invocation command line was

  CONFIG_FILES    = 
  CONFIG_HEADERS  = 
  CONFIG_LINKS    = 
  CONFIG_COMMANDS = 
  $ ./config.status 

on PNTX43-09

config.status:1143: creating Makefile
config.status:1143: creating Makefile.msvc
config.status:1143: creating swig/version.h
config.status:1143: creating config.h
config.status:1315: config.h is unchanged
config.status:1363: executing depfiles commands
config.status:1363: executing libtool commands

## ---------------- ##
## Cache variables. ##
## ---------------- ##

ac_cv_build=x86-unknown-none
ac_cv_c_compiler_gnu=yes
ac_cv_cxx_compiler_gnu=yes
ac_cv_env_CCC_set=
ac_cv_env_CCC_value=
ac_cv_env_CC_set=
ac_cv_env_CC_value=
ac_cv_env_CFLAGS_set=
ac_cv_env_CFLAGS_value=
ac_cv_env_CPPFLAGS_set=
ac_cv_env_CPPFLAGS_value=
ac_cv_env_CPP_set=
ac_cv_env_CPP_value=
ac_cv_env_CXXCPP_set=
ac_cv_env_CXXCPP_value=
ac_cv_env_CXXFLAGS_set=
ac_cv_env_CXXFLAGS_value=
ac_cv_env_CXX_set=
ac_cv_env_CXX_value=
ac_cv_env_LDFLAGS_set=
ac_cv_env_LDFLAGS_value=
ac_cv_env_LIBS_set=
ac_cv_env_LIBS_value=
ac_cv_env_build_alias_set=set
ac_cv_env_build_alias_value=x86
ac_cv_env_host_alias_set=
ac_cv_env_host_alias_value=
ac_cv_env_target_alias_set=
ac_cv_env_target_alias_value=
ac_cv_exeext=.exe
ac_cv_func_getpagesize=yes
ac_cv_func_mmap_fixed_mapped=yes
ac_cv_header_ctype_h=yes
ac_cv_header_dlfcn_h=yes
ac_cv_header_fcntl_h=yes
ac_cv_header_inttypes_h=yes
ac_cv_header_math_h=yes
ac_cv_header_memory_h=yes
ac_cv_header_pthread_h=yes
ac_cv_header_stdc=no
ac_cv_header_stdint_h=yes
ac_cv_header_stdlib_h=yes
ac_cv_header_string_h=yes
ac_cv_header_strings_h=yes
ac_cv_header_sys_mman_h=yes
ac_cv_header_sys_param_h=yes
ac_cv_header_sys_stat_h=yes
ac_cv_header_sys_times_h=yes
ac_cv_header_sys_types_h=yes
ac_cv_header_unistd_h=yes
ac_cv_host=x86-unknown-none
ac_cv_lib_m_exp=yes
ac_cv_lib_m_log=yes
ac_cv_lib_m_pow=yes
ac_cv_lib_pthread_pthread_create=yes
ac_cv_lib_pthread_pthread_join=yes
ac_cv_objext=o
ac_cv_path_EGREP='/usr/bin/grep -E'
ac_cv_path_FGREP='/usr/bin/grep -F'
ac_cv_path_GREP=/usr/bin/grep
ac_cv_path_SED=/usr/bin/sed
ac_cv_path_install='/usr/bin/install -c'
ac_cv_path_mkdir=/usr/bin/mkdir
ac_cv_prog_AWK=gawk
ac_cv_prog_CPP='gcc -E'
ac_cv_prog_CXXCPP='g++ -E'
ac_cv_prog_ac_ct_AR=ar
ac_cv_prog_ac_ct_CC=gcc
ac_cv_prog_ac_ct_CXX=g++
ac_cv_prog_ac_ct_OBJDUMP=objdump
ac_cv_prog_ac_ct_RANLIB=ranlib
ac_cv_prog_ac_ct_STRIP=strip
ac_cv_prog_cc_c89=
ac_cv_prog_cc_g=yes
ac_cv_prog_cxx_g=yes
ac_cv_prog_gcc_traditional=no
ac_cv_prog_make_make_set=yes
ac_cv_search_strerror='none required'
ac_cv_type_size_t=yes
am_cv_CC_dependencies_compiler_type=gcc3
am_cv_CXX_dependencies_compiler_type=gcc3
lt_cv_deplibs_check_method=unknown
lt_cv_file_magic_cmd='$MAGIC_CMD'
lt_cv_file_magic_test_file=
lt_cv_ld_reload_flag=-r
lt_cv_nm_interface='BSD nm'
lt_cv_objdir=.libs
lt_cv_path_LD=/usr/i686-pc-cygwin/bin/ld.exe
lt_cv_path_LDCXX=/usr/i686-pc-cygwin/bin/ld.exe
lt_cv_path_NM='/usr/bin/nm -B'
lt_cv_prog_compiler_c_o=yes
lt_cv_prog_compiler_c_o_CXX=yes
lt_cv_prog_compiler_pic_works=no
lt_cv_prog_compiler_pic_works_CXX=no
lt_cv_prog_compiler_rtti_exceptions=no
lt_cv_prog_compiler_static_works=no
lt_cv_prog_compiler_static_works_CXX=no
lt_cv_prog_gnu_ld=yes
lt_cv_prog_gnu_ldcxx=yes
lt_cv_sys_global_symbol_pipe='sed -n -e '\''s/^.*[	 ]\([ABCDGIRSTW][ABCDGIRSTW]*\)[	 ][	 ]*_\([_A-Za-z][_A-Za-z0-9]*\)$/\1 _\2 \2/p'\'''
lt_cv_sys_global_symbol_to_c_name_address='sed -n -e '\''s/^: \([^ ]*\) $/  {\"\1\", (void *) 0},/p'\'' -e '\''s/^[ABCDGIRSTW]* \([^ ]*\) \([^ ]*\)$/  {"\2", (void *) \&\2},/p'\'''
lt_cv_sys_global_symbol_to_c_name_address_lib_prefix='sed -n -e '\''s/^: \([^ ]*\) $/  {\"\1\", (void *) 0},/p'\'' -e '\''s/^[ABCDGIRSTW]* \([^ ]*\) \(lib[^ ]*\)$/  {"\2", (void *) \&\2},/p'\'' -e '\''s/^[ABCDGIRSTW]* \([^ ]*\) \([^ ]*\)$/  {"lib\2", (void *) \&\2},/p'\'''
lt_cv_sys_global_symbol_to_cdecl='sed -n -e '\''s/^T .* \(.*\)$/extern int \1();/p'\'' -e '\''s/^[ABCDGIRSTW]* .* \(.*\)$/extern char \1;/p'\'''
lt_cv_sys_max_cmd_len=262144

## ----------------- ##
## Output variables. ##
## ----------------- ##

ACLOCAL='${SHELL} /cygdrive/q/CRF++-0.54/missing --run aclocal-1.11'
AMDEPBACKSLASH='\'
AMDEP_FALSE='#'
AMDEP_TRUE=''
AMTAR='${SHELL} /cygdrive/q/CRF++-0.54/missing --run tar'
AR='ar'
AUTOCONF='${SHELL} /cygdrive/q/CRF++-0.54/missing --run autoconf'
AUTOHEADER='${SHELL} /cygdrive/q/CRF++-0.54/missing --run autoheader'
AUTOMAKE='${SHELL} /cygdrive/q/CRF++-0.54/missing --run automake-1.11'
AWK='gawk'
CC='gcc'
CCDEPMODE='depmode=gcc3'
CFLAGS='-O3 -Wall'
CPP='gcc -E'
CPPFLAGS=''
CXX='g++'
CXXCPP='g++ -E'
CXXDEPMODE='depmode=gcc3'
CXXFLAGS='-O3 -Wall'
CYGPATH_W='cygpath -w'
DEFS='-DHAVE_CONFIG_H'
DEPDIR='.deps'
DSYMUTIL=''
DUMPBIN=''
ECHO_C=''
ECHO_N='-n'
ECHO_T=''
EGREP='/usr/bin/grep -E'
EXEEXT='.exe'
FGREP='/usr/bin/grep -F'
GREP='/usr/bin/grep'
INSTALL_DATA='${INSTALL} -m 644'
INSTALL_PROGRAM='${INSTALL}'
INSTALL_SCRIPT='${INSTALL}'
INSTALL_STRIP_PROGRAM='$(install_sh) -c -s'
LD='/usr/i686-pc-cygwin/bin/ld.exe'
LDFLAGS=''
LIBOBJS=''
LIBS='-lpthread -lpthread -lm -lm -lm '
LIBTOOL='$(SHELL) $(top_builddir)/libtool'
LIPO=''
LN_S='ln -s'
LTLIBOBJS=''
MAKEINFO='${SHELL} /cygdrive/q/CRF++-0.54/missing --run makeinfo'
MKDIR_P='/usr/bin/mkdir -p'
NM='/usr/bin/nm -B'
NMEDIT=''
OBJDUMP='objdump'
OBJEXT='o'
OTOOL64=''
OTOOL=''
PACKAGE='CRF++'
PACKAGE_BUGREPORT=''
PACKAGE_NAME=''
PACKAGE_STRING=''
PACKAGE_TARNAME=''
PACKAGE_URL=''
PACKAGE_VERSION=''
PATH_SEPARATOR=':'
RANLIB='ranlib'
SED='/usr/bin/sed'
SET_MAKE=''
SHELL='/bin/sh'
STRIP='strip'
VERSION='0.54'
ac_ct_CC='gcc'
ac_ct_CXX='g++'
ac_ct_DUMPBIN=''
am__EXEEXT_FALSE='#'
am__EXEEXT_TRUE=''
am__fastdepCC_FALSE='#'
am__fastdepCC_TRUE=''
am__fastdepCXX_FALSE='#'
am__fastdepCXX_TRUE=''
am__include='include'
am__isrc=''
am__leading_dot='.'
am__quote=''
am__tar='${AMTAR} chof - "$$tardir"'
am__untar='${AMTAR} xf -'
bindir='${exec_prefix}/bin'
build='x86-unknown-none'
build_alias='x86'
build_cpu='x86'
build_os='none'
build_vendor='unknown'
datadir='${datarootdir}'
datarootdir='${prefix}/share'
docdir='${datarootdir}/doc/${PACKAGE}'
dvidir='${docdir}'
exec_prefix='${prefix}'
host='x86-unknown-none'
host_alias=''
host_cpu='x86'
host_os='none'
host_vendor='unknown'
htmldir='${docdir}'
includedir='${prefix}/include'
infodir='${datarootdir}/info'
install_sh='${SHELL} /cygdrive/q/CRF++-0.54/install-sh'
libdir='${exec_prefix}/lib'
libexecdir='${exec_prefix}/libexec'
localedir='${datarootdir}/locale'
localstatedir='${prefix}/var'
lt_ECHO='echo'
mandir='${datarootdir}/man'
mkdir_p='/usr/bin/mkdir -p'
oldincludedir='/usr/include'
pdfdir='${docdir}'
prefix='/usr/local'
program_transform_name='s,x,x,'
psdir='${docdir}'
sbindir='${exec_prefix}/sbin'
sharedstatedir='${prefix}/com'
sysconfdir='${prefix}/etc'
target_alias=''

## ----------- ##
## confdefs.h. ##
## ----------- ##

/* confdefs.h */
#define PACKAGE_NAME ""
#define PACKAGE_TARNAME ""
#define PACKAGE_VERSION ""
#define PACKAGE_STRING ""
#define PACKAGE_BUGREPORT ""
#define PACKAGE_URL ""
#define PACKAGE "CRF++"
#define VERSION "0.54"
#define HAVE_SYS_TYPES_H 1
#define HAVE_SYS_STAT_H 1
#define HAVE_STDLIB_H 1
#define HAVE_STRING_H 1
#define HAVE_MEMORY_H 1
#define HAVE_STRINGS_H 1
#define HAVE_INTTYPES_H 1
#define HAVE_STDINT_H 1
#define HAVE_UNISTD_H 1
#define HAVE_DLFCN_H 1
#define LT_OBJDIR ".libs/"
#define HAVE_STRING_H 1
#define HAVE_STDLIB_H 1
#define HAVE_UNISTD_H 1
#define HAVE_FCNTL_H 1
#define HAVE_SYS_STAT_H 1
#define HAVE_SYS_MMAN_H 1
#define HAVE_SYS_TIMES_H 1
#define HAVE_CTYPE_H 1
#define HAVE_SYS_TYPES_H 1
#define HAVE_MATH_H 1
#define HAVE_PTHREAD_H 1
#define HAVE_LIBM 1
#define HAVE_LIBM 1
#define HAVE_LIBM 1
#define HAVE_LIBPTHREAD 1
#define HAVE_LIBPTHREAD 1
#define HAVE_STDLIB_H 1
#define HAVE_UNISTD_H 1
#define HAVE_SYS_PARAM_H 1
#define HAVE_GETPAGESIZE 1
#define HAVE_MMAP 1

configure: exit 0
